Determining if the pthread_create exist failed with the following output:
Change Dir: /home/skoocda/my_pcl_tutorial/build/CMakeFiles/CMakeTmp

Run Build Command:/usr/bin/make "cmTryCompileExec135990592/fast"
/usr/bin/make -f CMakeFiles/cmTryCompileExec135990592.dir/build.make CMakeFiles/cmTryCompileExec135990592.dir/build
make[1]: Entering directory `/home/skoocda/my_pcl_tutorial/build/CMakeFiles/CMakeTmp'
/usr/bin/cmake -E cmake_progress_report /home/skoocda/my_pcl_tutorial/build/CMakeFiles/CMakeTmp/CMakeFiles 1
Building C object CMakeFiles/cmTryCompileExec135990592.dir/CheckSymbolExists.c.o
/usr/bin/cc    -o CMakeFiles/cmTryCompileExec135990592.dir/CheckSymbolExists.c.o   -c /home/skoocda/my_pcl_tutorial/build/CMakeFiles/CMakeTmp/CheckSymbolExists.c
Linking C executable cmTryCompileExec135990592
/usr/bin/cmake -E cmake_link_script CMakeFiles/cmTryCompileExec135990592.dir/link.txt --verbose=1
/usr/bin/cc       CMakeFiles/cmTryCompileExec135990592.dir/CheckSymbolExists.c.o  -o cmTryCompileExec135990592 -rdynamic 
CMakeFiles/cmTryCompileExec135990592.dir/CheckSymbolExists.c.o: In function `main':
CheckSymbolExists.c:(.text+0x16): undefined reference to `pthread_create'
collect2: error: ld returned 1 exit status
make[1]: *** [cmTryCompileExec135990592] Error 1
make[1]: Leaving directory `/home/skoocda/my_pcl_tutorial/build/CMakeFiles/CMakeTmp'
make: *** [cmTryCompileExec135990592/fast] Error 2

File /home/skoocda/my_pcl_tutorial/build/CMakeFiles/CMakeTmp/CheckSymbolExists.c:
/* */
#include <pthread.h>

int main(int argc, char** argv)
{
  (void)argv;
#ifndef pthread_create
  return ((int*)(&pthread_create))[argc];
#else
  (void)argc;
  return 0;
#endif
}

Determining if the function pthread_create exists in the pthreads failed with the following output:
Change Dir: /home/skoocda/my_pcl_tutorial/build/CMakeFiles/CMakeTmp

Run Build Command:/usr/bin/make "cmTryCompileExec2701758978/fast"
/usr/bin/make -f CMakeFiles/cmTryCompileExec2701758978.dir/build.make CMakeFiles/cmTryCompileExec2701758978.dir/build
make[1]: Entering directory `/home/skoocda/my_pcl_tutorial/build/CMakeFiles/CMakeTmp'
/usr/bin/cmake -E cmake_progress_report /home/skoocda/my_pcl_tutorial/build/CMakeFiles/CMakeTmp/CMakeFiles 1
Building C object CMakeFiles/cmTryCompileExec2701758978.dir/CheckFunctionExists.c.o
/usr/bin/cc   -DCHECK_FUNCTION_EXISTS=pthread_create   -o CMakeFiles/cmTryCompileExec2701758978.dir/CheckFunctionExists.c.o   -c /usr/share/cmake-2.8/Modules/CheckFunctionExists.c
Linking C executable cmTryCompileExec2701758978
/usr/bin/cmake -E cmake_link_script CMakeFiles/cmTryCompileExec2701758978.dir/link.txt --verbose=1
/usr/bin/cc   -DCHECK_FUNCTION_EXISTS=pthread_create    CMakeFiles/cmTryCompileExec2701758978.dir/CheckFunctionExists.c.o  -o cmTryCompileExec2701758978 -rdynamic -lpthreads 
/usr/bin/ld: cannot find -lpthreads
collect2: error: ld returned 1 exit status
make[1]: Leaving directory `/home/skoocda/my_pcl_tutorial/build/CMakeFiles/CMakeTmp'
make[1]: *** [cmTryCompileExec2701758978] Error 1
make: *** [cmTryCompileExec2701758978/fast] Error 2


